Arguments: 
  /home/2107-009-vpc/.nvm/versions/node/v16.5.0/bin/node /home/2107-009-vpc/.nvm/versions/node/v16.5.0/bin/yarn add reac-dropzone

PATH: 
  /home/2107-009-vpc/.nvm/versions/node/v16.5.0/bin:/usr/local/bin:/usr/bin:/bin:/sbin:/usr/local/sbin:/usr/sbin:/var/lib/snapd/snap/bin:/home/2107-009-vpc/.local/bin:/home/2107-009-vpc/bin

Yarn version: 
  1.22.11

Node version: 
  16.5.0

Platform: 
  linux x64

Trace: 
  Error: https://registry.yarnpkg.com/reac-dropzone: Not found
      at Request.params.callback [as _callback] (/home/2107-009-vpc/.nvm/versions/node/v16.5.0/lib/node_modules/yarn/lib/cli.js:66992:18)
      at Request.self.callback (/home/2107-009-vpc/.nvm/versions/node/v16.5.0/lib/node_modules/yarn/lib/cli.js:140763:22)
      at Request.emit (node:events:394:28)
      at Request.<anonymous> (/home/2107-009-vpc/.nvm/versions/node/v16.5.0/lib/node_modules/yarn/lib/cli.js:141735:10)
      at Request.emit (node:events:394:28)
      at IncomingMessage.<anonymous> (/home/2107-009-vpc/.nvm/versions/node/v16.5.0/lib/node_modules/yarn/lib/cli.js:141657:12)
      at Object.onceWrapper (node:events:513:28)
      at IncomingMessage.emit (node:events:406:35)
      at endReadableNT (node:internal/streams/readable:1331:12)
      at processTicksAndRejections (node:internal/process/task_queues:83:21)

npm manifest: 
  {
    "name": "my-fullstack-app",
    "version": "1.0.0",
    "description": "",
    "main": "server.js",
    "scripts": {
      "start": "node dist/server.js",
      "start:dev": "LOCAL=true ts-node server.ts",
      "postinstall": "tsc"
    },
    "author": "your name here",
    "license": "ISC",
    "dependencies": {
      "@types/fs-extra": "^9.0.13",
      "@types/multer": "^1.4.7",
      "@types/node": "^16.10.2",
      "aws-sdk": "^2.998.0",
      "cors": "^2.8.5",
      "dotenv": "^8.2.0",
      "express": "^4.17.1",
      "multer": "^1.4.3",
      "pg": "^8.5.1"
    },
    "devDependencies": {
      "@types/cors": "^2.8.9",
      "@types/express": "^4.17.9",
      "@types/pg": "^7.14.7",
      "ts-node-dev": "^1.1.1",
      "typescript": "^4.1.3"
    }
  }

yarn manifest: 
  No manifest

Lockfile: 
  # THIS IS AN AUTOGENERATED FILE. DO NOT EDIT THIS FILE DIRECTLY.
  # yarn lockfile v1
  
  
  "@types/body-parser@*":
    "integrity" "sha512-W98JrE0j2K78swW4ukqMleo8R7h/pFETjM2DQ90MF6XK2i4LO4W3gQ71Lt4w3bfm2EvVSyWHplECvB5sK22yFQ=="
    "resolved" "https://registry.npmjs.org/@types/body-parser/-/body-parser-1.19.0.tgz"
    "version" "1.19.0"
    dependencies:
      "@types/connect" "*"
      "@types/node" "*"
  
  "@types/connect@*":
    "integrity" "sha512-ePPA/JuI+X0vb+gSWlPKOY0NdNAie/rPUqX2GUPpbZwiKTkSPhjXWuee47E4MtE54QVzGCQMQkAL6JhV2E1+cQ=="
    "resolved" "https://registry.npmjs.org/@types/connect/-/connect-3.4.34.tgz"
    "version" "3.4.34"
    dependencies:
      "@types/node" "*"
  
  "@types/cors@^2.8.9":
    "integrity" "sha512-zurD1ibz21BRlAOIKP8yhrxlqKx6L9VCwkB5kMiP6nZAhoF5MvC7qS1qPA7nRcr1GJolfkQC7/EAL4hdYejLtg=="
    "resolved" "https://registry.npmjs.org/@types/cors/-/cors-2.8.9.tgz"
    "version" "2.8.9"
  
  "@types/express-serve-static-core@*":
    "integrity" "sha512-YYlVaCni5dnHc+bLZfY908IG1+x5xuibKZMGv8srKkvtul3wUuanYvpIj9GXXoWkQbaAdR+kgX46IETKUALWNQ=="
    "resolved" "https://registry.npmjs.org/@types/express-serve-static-core/-/express-serve-static-core-4.17.17.tgz"
    "version" "4.17.17"
    dependencies:
      "@types/node" "*"
      "@types/qs" "*"
      "@types/range-parser" "*"
  
  "@types/express@*", "@types/express@^4.17.9":
    "integrity" "sha512-SDzEIZInC4sivGIFY4Sz1GG6J9UObPwCInYJjko2jzOf/Imx/dlpume6Xxwj1ORL82tBbmN4cPDIDkLbWHk9hw=="
    "resolved" "https://registry.npmjs.org/@types/express/-/express-4.17.9.tgz"
    "version" "4.17.9"
    dependencies:
      "@types/body-parser" "*"
      "@types/express-serve-static-core" "*"
      "@types/qs" "*"
      "@types/serve-static" "*"
  
  "@types/fs-extra@^9.0.13":
    "integrity" "sha512-nEnwB++1u5lVDM2UI4c1+5R+FYaKfaAzS4OococimjVm3nQw3TuzH5UNsocrcTBbhnerblyHj4A49qXbIiZdpA=="
    "resolved" "https://registry.npmjs.org/@types/fs-extra/-/fs-extra-9.0.13.tgz"
    "version" "9.0.13"
    dependencies:
      "@types/node" "*"
  
  "@types/mime@*":
    "integrity" "sha512-Jus9s4CDbqwocc5pOAnh8ShfrnMcPHuJYzVcSUU7lrh8Ni5HuIqX3oilL86p3dlTrk0LzHRCgA/GQ7uNCw6l2Q=="
    "resolved" "https://registry.npmjs.org/@types/mime/-/mime-2.0.3.tgz"
    "version" "2.0.3"
  
  "@types/multer@^1.4.7":
    "integrity" "sha512-/SNsDidUFCvqqcWDwxv2feww/yqhNeTRL5CVoL3jU4Goc4kKEL10T7Eye65ZqPNi4HRx8sAEX59pV1aEH7drNA=="
    "resolved" "https://registry.npmjs.org/@types/multer/-/multer-1.4.7.tgz"
    "version" "1.4.7"
    dependencies:
      "@types/express" "*"
  
  "@types/node@*", "@types/node@^16.10.2":
    "integrity" "sha512-zCclL4/rx+W5SQTzFs9wyvvyCwoK9QtBpratqz2IYJ3O8Umrn0m3nsTv0wQBk9sRGpvUe9CwPDrQFB10f1FIjQ=="
    "resolved" "https://registry.npmjs.org/@types/node/-/node-16.10.2.tgz"
    "version" "16.10.2"
  
  "@types/pg-types@*":
    "integrity" "sha512-L8ogeT6vDzT1vxlW3KITTCt+BVXXVkLXfZ/XNm6UqbcJgxf+KPO7yjWx7dQQE8RW07KopL10x2gNMs41+IkMGQ=="
    "resolved" "https://registry.npmjs.org/@types/pg-types/-/pg-types-1.11.5.tgz"
    "version" "1.11.5"
  
  "@types/pg@^7.14.7":
    "integrity" "sha512-ZnMOUidTP6Lwsb0bxHL6PVIL1lVC2CYNQWlA79kQ6nn0rK1/ynvkyN1wsR9pVZaP4WcCNioKT/2aU5UuLIQy2w=="
    "resolved" "https://registry.npmjs.org/@types/pg/-/pg-7.14.7.tgz"
    "version" "7.14.7"
    dependencies:
      "@types/node" "*"
      "@types/pg-types" "*"
  
  "@types/qs@*":
    "integrity" "sha512-/JHkVHtx/REVG0VVToGRGH2+23hsYLHdyG+GrvoUGlGAd0ErauXDyvHtRI/7H7mzLm+tBCKA7pfcpkQ1lf58iQ=="
    "resolved" "https://registry.npmjs.org/@types/qs/-/qs-6.9.5.tgz"
    "version" "6.9.5"
  
  "@types/range-parser@*":
    "integrity" "sha512-ewFXqrQHlFsgc09MK5jP5iR7vumV/BYayNC6PgJO2LPe8vrnNFyjQjSppfEngITi0qvfKtzFvgKymGheFM9UOA=="
    "resolved" "https://registry.npmjs.org/@types/range-parser/-/range-parser-1.2.3.tgz"
    "version" "1.2.3"
  
  "@types/serve-static@*":
    "integrity" "sha512-MoJhSQreaVoL+/hurAZzIm8wafFR6ajiTM1m4A0kv6AGeVBl4r4pOV8bGFrjjq1sGxDTnCoF8i22o0/aE5XCyA=="
    "resolved" "https://registry.npmjs.org/@types/serve-static/-/serve-static-1.13.8.tgz"
    "version" "1.13.8"
    dependencies:
      "@types/mime" "*"
      "@types/node" "*"
  
  "@types/strip-bom@^3.0.0":
    "integrity" "sha1-FKjsOVbC6B7bdSB5CuzyHCkK69I="
    "resolved" "https://registry.npmjs.org/@types/strip-bom/-/strip-bom-3.0.0.tgz"
    "version" "3.0.0"
  
  "@types/strip-json-comments@0.0.30":
    "integrity" "sha512-7NQmHra/JILCd1QqpSzl8+mJRc8ZHz3uDm8YV1Ks9IhK0epEiTw8aIErbvH9PI+6XbqhyIQy3462nEsn7UVzjQ=="
    "resolved" "https://registry.npmjs.org/@types/strip-json-comments/-/strip-json-comments-0.0.30.tgz"
    "version" "0.0.30"
  
  "accepts@~1.3.7":
    "integrity" "sha512-Il80Qs2WjYlJIBNzNkK6KYqlVMTbZLXgHx2oT0pU/fjRHyEp+PEfEPY0R3WCwAGVOtauxh1hOxNgIf5bv7dQpA=="
    "resolved" "https://registry.npmjs.org/accepts/-/accepts-1.3.7.tgz"
    "version" "1.3.7"
    dependencies:
      "mime-types" "~2.1.24"
      "negotiator" "0.6.2"
  
  "anymatch@~3.1.1":
    "integrity" "sha512-mM8522psRCqzV+6LhomX5wgp25YVibjh8Wj23I5RPkPppSVSjyKD2A2mBJmWGa+KN7f2D6LNh9jkBCeyLktzjg=="
    "resolved" "https://registry.npmjs.org/anymatch/-/anymatch-3.1.1.tgz"
    "version" "3.1.1"
    dependencies:
      "normalize-path" "^3.0.0"
      "picomatch" "^2.0.4"
  
  "append-field@^1.0.0":
    "integrity" "sha1-HjRA6RXwsSA9I3SOeO3XubW0PlY="
    "resolved" "https://registry.npmjs.org/append-field/-/append-field-1.0.0.tgz"
    "version" "1.0.0"
  
  "arg@^4.1.0":
    "integrity" "sha512-58S9QDqG0Xx27YwPSt9fJxivjYl432YCwfDMfZ+71RAqUrZef7LrKQZ3LHLOwCS4FLNBplP533Zx895SeOCHvA=="
    "resolved" "https://registry.npmjs.org/arg/-/arg-4.1.3.tgz"
    "version" "4.1.3"
  
  "array-find-index@^1.0.1":
    "integrity" "sha1-3wEKoSh+Fku9pvlyOwqWoexBh6E="
    "resolved" "https://registry.npmjs.org/array-find-index/-/array-find-index-1.0.2.tgz"
    "version" "1.0.2"
  
  "array-flatten@1.1.1":
    "integrity" "sha1-ml9pkFGx5wczKPKgCJaLZOopVdI="
    "resolved" "https://registry.npmjs.org/array-flatten/-/array-flatten-1.1.1.tgz"
    "version" "1.1.1"
  
  "aws-sdk@^2.998.0":
    "integrity" "sha512-jenbMcGxOg9AeH6p1m0vbsJYNaeJXBnOM58GXsaKecPgRnCm/IykTPlB6aQKfNDk0WQnw5BHDcy7iQPnEjEkUQ=="
    "resolved" "https://registry.npmjs.org/aws-sdk/-/aws-sdk-2.998.0.tgz"
    "version" "2.998.0"
    dependencies:
      "buffer" "4.9.2"
      "events" "1.1.1"
      "ieee754" "1.1.13"
      "jmespath" "0.15.0"
      "querystring" "0.2.0"
      "sax" "1.2.1"
      "url" "0.10.3"
      "uuid" "3.3.2"
      "xml2js" "0.4.19"
  
  "balanced-match@^1.0.0":
    "integrity" "sha1-ibTRmasr7kneFk6gK4nORi1xt2c="
    "resolved" "https://registry.npmjs.org/balanced-match/-/balanced-match-1.0.0.tgz"
    "version" "1.0.0"
  
  "base64-js@^1.0.2":
    "integrity" "sha512-AKpaYlHn8t4SVbOHCy+b5+KKgvR4vrsD8vbvrbiQJps7fKDTkjkDry6ji0rUJjC0kzbNePLwzxq8iypo41qeWA=="
    "resolved" "https://registry.npmjs.org/base64-js/-/base64-js-1.5.1.tgz"
    "version" "1.5.1"
  
  "binary-extensions@^2.0.0":
    "integrity" "sha512-1Yj8h9Q+QDF5FzhMs/c9+6UntbD5MkRfRwac8DoEm9ZfUBZ7tZ55YcGVAzEe4bXsdQHEk+s9S5wsOKVdZrw0tQ=="
    "resolved" "https://registry.npmjs.org/binary-extensions/-/binary-extensions-2.1.0.tgz"
    "version" "2.1.0"
  
  "body-parser@1.19.0":
    "integrity" "sha512-dhEPs72UPbDnAQJ9ZKMNTP6ptJaionhP5cBb541nXPlW60Jepo9RV/a4fX4XWW9CuFNK22krhrj1+rgzifNCsw=="
    "resolved" "https://registry.npmjs.org/body-parser/-/body-parser-1.19.0.tgz"
    "version" "1.19.0"
    dependencies:
      "bytes" "3.1.0"
      "content-type" "~1.0.4"
      "debug" "2.6.9"
      "depd" "~1.1.2"
      "http-errors" "1.7.2"
      "iconv-lite" "0.4.24"
      "on-finished" "~2.3.0"
      "qs" "6.7.0"
      "raw-body" "2.4.0"
      "type-is" "~1.6.17"
  
  "brace-expansion@^1.1.7":
    "integrity" "sha512-iCuPHDFgrHX7H2vEI/5xpz07zSHB00TpugqhmYtVmMO6518mCuRMoOYFldEBl0g187ufozdaHgWKcYFb61qGiA=="
    "resolved" "https://registry.npmjs.org/brace-expansion/-/brace-expansion-1.1.11.tgz"
    "version" "1.1.11"
    dependencies:
      "balanced-match" "^1.0.0"
      "concat-map" "0.0.1"
  
  "braces@~3.0.2":
    "integrity" "sha512-b8um+L1RzM3WDSzvhm6gIz1yfTbBt6YTlcEKAvsmqCZZFw46z626lVj9j1yEPW33H5H+lBQpZMP1k8l+78Ha0A=="
    "resolved" "https://registry.npmjs.org/braces/-/braces-3.0.2.tgz"
    "version" "3.0.2"
    dependencies:
      "fill-range" "^7.0.1"
  
  "buffer-from@^1.0.0":
    "integrity" "sha512-MQcXEUbCKtEo7bhqEs6560Hyd4XaovZlO/k9V3hjVUF/zwW7KBVdSK4gIt/bzwS9MbR5qob+F5jusZsb0YQK2A=="
    "resolved" "https://registry.npmjs.org/buffer-from/-/buffer-from-1.1.1.tgz"
    "version" "1.1.1"
  
  "buffer-writer@2.0.0":
    "integrity" "sha512-a7ZpuTZU1TRtnwyCNW3I5dc0wWNC3VR9S++Ewyk2HHZdrO3CQJqSpd+95Us590V6AL7JqUAH2IwZ/398PmNFgw=="
    "resolved" "https://registry.npmjs.org/buffer-writer/-/buffer-writer-2.0.0.tgz"
    "version" "2.0.0"
  
  "buffer@4.9.2":
    "integrity" "sha512-xq+q3SRMOxGivLhBNaUdC64hDTQwejJ+H0T/NB1XMtTVEwNTrfFF3gAxiyW0Bu/xWEGhjVKgUcMhCrUy2+uCWg=="
    "resolved" "https://registry.npmjs.org/buffer/-/buffer-4.9.2.tgz"
    "version" "4.9.2"
    dependencies:
      "base64-js" "^1.0.2"
      "ieee754" "^1.1.4"
      "isarray" "^1.0.0"
  
  "busboy@^0.2.11":
    "integrity" "sha1-bCpiLvz0fFe7vh4qnDetNseSVFM="
    "resolved" "https://registry.npmjs.org/busboy/-/busboy-0.2.14.tgz"
    "version" "0.2.14"
    dependencies:
      "dicer" "0.2.5"
      "readable-stream" "1.1.x"
  
  "bytes@3.1.0":
    "integrity" "sha512-zauLjrfCG+xvoyaqLoV8bLVXXNGC4JqlxFCutSDWA6fJrTo2ZuvLYTqZ7aHBLZSMOopbzwv8f+wZcVzfVTI2Dg=="
    "resolved" "https://registry.npmjs.org/bytes/-/bytes-3.1.0.tgz"
    "version" "3.1.0"
  
  "camelcase-keys@^2.0.0":
    "integrity" "sha1-MIvur/3ygRkFHvodkyITyRuPkuc="
    "resolved" "https://registry.npmjs.org/camelcase-keys/-/camelcase-keys-2.1.0.tgz"
    "version" "2.1.0"
    dependencies:
      "camelcase" "^2.0.0"
      "map-obj" "^1.0.0"
  
  "camelcase@^2.0.0":
    "integrity" "sha1-fB0W1nmhu+WcoCys7PsBHiAfWh8="
    "resolved" "https://registry.npmjs.org/camelcase/-/camelcase-2.1.1.tgz"
    "version" "2.1.1"
  
  "chokidar@^3.4.0":
    "integrity" "sha512-DtM3g7juCXQxFVSNPNByEC2+NImtBuxQQvWlHunpJIS5Ocr0lG306cC7FCi7cEA0fzmybPUIl4txBIobk1gGOQ=="
    "resolved" "https://registry.npmjs.org/chokidar/-/chokidar-3.4.3.tgz"
    "version" "3.4.3"
    dependencies:
      "anymatch" "~3.1.1"
      "braces" "~3.0.2"
      "glob-parent" "~5.1.0"
      "is-binary-path" "~2.1.0"
      "is-glob" "~4.0.1"
      "normalize-path" "~3.0.0"
      "readdirp" "~3.5.0"
    optionalDependencies:
      "fsevents" "~2.1.2"
  
  "concat-map@0.0.1":
    "integrity" "sha1-2Klr13/Wjfd5OnMDajug1UBdR3s="
    "resolved" "https://registry.npmjs.org/concat-map/-/concat-map-0.0.1.tgz"
    "version" "0.0.1"
  
  "concat-stream@^1.5.2":
    "integrity" "sha512-27HBghJxjiZtIk3Ycvn/4kbJk/1uZuJFfuPEns6LaEvpvG1f0hTea8lilrouyo9mVc2GWdcEZ8OLoGmSADlrCw=="
    "resolved" "https://registry.npmjs.org/concat-stream/-/concat-stream-1.6.2.tgz"
    "version" "1.6.2"
    dependencies:
      "buffer-from" "^1.0.0"
      "inherits" "^2.0.3"
      "readable-stream" "^2.2.2"
      "typedarray" "^0.0.6"
  
  "content-disposition@0.5.3":
    "integrity" "sha512-ExO0774ikEObIAEV9kDo50o+79VCUdEB6n6lzKgGwupcVeRlhrj3qGAfwq8G6uBJjkqLrhT0qEYFcWng8z1z0g=="
    "resolved" "https://registry.npmjs.org/content-disposition/-/content-disposition-0.5.3.tgz"
    "version" "0.5.3"
    dependencies:
      "safe-buffer" "5.1.2"
  
  "content-type@~1.0.4":
    "integrity" "sha512-hIP3EEPs8tB9AT1L+NUqtwOAps4mk2Zob89MWXMHjHWg9milF/j4osnnQLXBCBFBk/tvIG/tUc9mOUJiPBhPXA=="
    "resolved" "https://registry.npmjs.org/content-type/-/content-type-1.0.4.tgz"
    "version" "1.0.4"
  
  "cookie-signature@1.0.6":
    "integrity" "sha1-4wOogrNCzD7oylE6eZmXNNqzriw="
    "resolved" "https://registry.npmjs.org/cookie-signature/-/cookie-signature-1.0.6.tgz"
    "version" "1.0.6"
  
  "cookie@0.4.0":
    "integrity" "sha512-+Hp8fLp57wnUSt0tY0tHEXh4voZRDnoIrZPqlo3DPiI4y9lwg/jqx+1Om94/W6ZaPDOUbnjOt/99w66zk+l1Xg=="
    "resolved" "https://registry.npmjs.org/cookie/-/cookie-0.4.0.tgz"
    "version" "0.4.0"
  
  "core-util-is@~1.0.0":
    "integrity" "sha512-ZQBvi1DcpJ4GDqanjucZ2Hj3wEO5pZDS89BWbkcrvdxksJorwUDDZamX9ldFkp9aw2lmBDLgkObEA4DWNJ9FYQ=="
    "resolved" "https://registry.npmjs.org/core-util-is/-/core-util-is-1.0.3.tgz"
    "version" "1.0.3"
  
  "cors@^2.8.5":
    "integrity" "sha512-KIHbLJqu73RGr/hnbrO9uBeixNGuvSQjul/jdFvS/KFSIH1hWVd1ng7zOHx+YrEfInLG7q4n6GHQ9cDtxv/P6g=="
    "resolved" "https://registry.npmjs.org/cors/-/cors-2.8.5.tgz"
    "version" "2.8.5"
    dependencies:
      "object-assign" "^4"
      "vary" "^1"
  
  "create-require@^1.1.0":
    "integrity" "sha512-dcKFX3jn0MpIaXjisoRvexIJVEKzaq7z2rZKxf+MSr9TkdmHmsU4m2lcLojrj/FHl8mk5VxMmYA+ftRkP/3oKQ=="
    "resolved" "https://registry.npmjs.org/create-require/-/create-require-1.1.1.tgz"
    "version" "1.1.1"
  
  "currently-unhandled@^0.4.1":
    "integrity" "sha1-mI3zP+qxke95mmE2nddsF635V+o="
    "resolved" "https://registry.npmjs.org/currently-unhandled/-/currently-unhandled-0.4.1.tgz"
    "version" "0.4.1"
    dependencies:
      "array-find-index" "^1.0.1"
  
  "dateformat@~1.0.4-1.2.3":
    "integrity" "sha1-nxJLZ1lMk3/3BpMuSmQsyo27/uk="
    "resolved" "https://registry.npmjs.org/dateformat/-/dateformat-1.0.12.tgz"
    "version" "1.0.12"
    dependencies:
      "get-stdin" "^4.0.1"
      "meow" "^3.3.0"
  
  "debug@2.6.9":
    "integrity" "sha512-bC7ElrdJaJnPbAP+1EotYvqZsb3ecl5wi6Bfi6BJTUcNowp6cvspg0jXznRTKDjm/E7AdgFBVeAPVMNcKGsHMA=="
    "resolved" "https://registry.npmjs.org/debug/-/debug-2.6.9.tgz"
    "version" "2.6.9"
    dependencies:
      "ms" "2.0.0"
  
  "decamelize@^1.1.2":
    "integrity" "sha1-9lNNFRSCabIDUue+4m9QH5oZEpA="
    "resolved" "https://registry.npmjs.org/decamelize/-/decamelize-1.2.0.tgz"
    "version" "1.2.0"
  
  "depd@~1.1.2":
    "integrity" "sha1-m81S4UwJd2PnSbJ0xDRu0uVgtak="
    "resolved" "https://registry.npmjs.org/depd/-/depd-1.1.2.tgz"
    "version" "1.1.2"
  
  "destroy@~1.0.4":
    "integrity" "sha1-l4hXRCxEdJ5CBmE+N5RiBYJqvYA="
    "resolved" "https://registry.npmjs.org/destroy/-/destroy-1.0.4.tgz"
    "version" "1.0.4"
  
  "dicer@0.2.5":
    "integrity" "sha1-WZbAhrszIYyBLAkL3cCc0S+stw8="
    "resolved" "https://registry.npmjs.org/dicer/-/dicer-0.2.5.tgz"
    "version" "0.2.5"
    dependencies:
      "readable-stream" "1.1.x"
      "streamsearch" "0.1.2"
  
  "diff@^4.0.1":
    "integrity" "sha512-58lmxKSA4BNyLz+HHMUzlOEpg09FV+ev6ZMe3vJihgdxzgcwZ8VoEEPmALCZG9LmqfVoNMMKpttIYTVG6uDY7A=="
    "resolved" "https://registry.npmjs.org/diff/-/diff-4.0.2.tgz"
    "version" "4.0.2"
  
  "dotenv@^8.2.0":
    "integrity" "sha512-8sJ78ElpbDJBHNeBzUbUVLsqKdccaa/BXF1uPTw3GrvQTBgrQrtObr2mUrE38vzYd8cEv+m/JBfDLioYcfXoaw=="
    "resolved" "https://registry.npmjs.org/dotenv/-/dotenv-8.2.0.tgz"
    "version" "8.2.0"
  
  "dynamic-dedupe@^0.3.0":
    "integrity" "sha1-BuRMIj9eTpTXjvnbI6ZRXOL5YqE="
    "resolved" "https://registry.npmjs.org/dynamic-dedupe/-/dynamic-dedupe-0.3.0.tgz"
    "version" "0.3.0"
    dependencies:
      "xtend" "^4.0.0"
  
  "ee-first@1.1.1":
    "integrity" "sha1-WQxhFWsK4vTwJVcyoViyZrxWsh0="
    "resolved" "https://registry.npmjs.org/ee-first/-/ee-first-1.1.1.tgz"
    "version" "1.1.1"
  
  "encodeurl@~1.0.2":
    "integrity" "sha1-rT/0yG7C0CkyL1oCw6mmBslbP1k="
    "resolved" "https://registry.npmjs.org/encodeurl/-/encodeurl-1.0.2.tgz"
    "version" "1.0.2"
  
  "error-ex@^1.2.0":
    "integrity" "sha512-7dFHNmqeFSEt2ZBsCriorKnn3Z2pj+fd9kmI6QoWw4//DL+icEBfc0U7qJCisqrTsKTjw4fNFy2pW9OqStD84g=="
    "resolved" "https://registry.npmjs.org/error-ex/-/error-ex-1.3.2.tgz"
    "version" "1.3.2"
    dependencies:
      "is-arrayish" "^0.2.1"
  
  "escape-html@~1.0.3":
    "integrity" "sha1-Aljq5NPQwJdN4cFpGI7wBR0dGYg="
    "resolved" "https://registry.npmjs.org/escape-html/-/escape-html-1.0.3.tgz"
    "version" "1.0.3"
  
  "etag@~1.8.1":
    "integrity" "sha1-Qa4u62XvpiJorr/qg6x9eSmbCIc="
    "resolved" "https://registry.npmjs.org/etag/-/etag-1.8.1.tgz"
    "version" "1.8.1"
  
  "events@1.1.1":
    "integrity" "sha1-nr23Y1rQmccNzEwqH1AEKI6L2SQ="
    "resolved" "https://registry.npmjs.org/events/-/events-1.1.1.tgz"
    "version" "1.1.1"
  
  "express@^4.17.1":
    "integrity" "sha512-mHJ9O79RqluphRrcw2X/GTh3k9tVv8YcoyY4Kkh4WDMUYKRZUq0h1o0w2rrrxBqM7VoeUVqgb27xlEMXTnYt4g=="
    "resolved" "https://registry.npmjs.org/express/-/express-4.17.1.tgz"
    "version" "4.17.1"
    dependencies:
      "accepts" "~1.3.7"
      "array-flatten" "1.1.1"
      "body-parser" "1.19.0"
      "content-disposition" "0.5.3"
      "content-type" "~1.0.4"
      "cookie" "0.4.0"
      "cookie-signature" "1.0.6"
      "debug" "2.6.9"
      "depd" "~1.1.2"
      "encodeurl" "~1.0.2"
      "escape-html" "~1.0.3"
      "etag" "~1.8.1"
      "finalhandler" "~1.1.2"
      "fresh" "0.5.2"
      "merge-descriptors" "1.0.1"
      "methods" "~1.1.2"
      "on-finished" "~2.3.0"
      "parseurl" "~1.3.3"
      "path-to-regexp" "0.1.7"
      "proxy-addr" "~2.0.5"
      "qs" "6.7.0"
      "range-parser" "~1.2.1"
      "safe-buffer" "5.1.2"
      "send" "0.17.1"
      "serve-static" "1.14.1"
      "setprototypeof" "1.1.1"
      "statuses" "~1.5.0"
      "type-is" "~1.6.18"
      "utils-merge" "1.0.1"
      "vary" "~1.1.2"
  
  "fill-range@^7.0.1":
    "integrity" "sha512-qOo9F+dMUmC2Lcb4BbVvnKJxTPjCm+RRpe4gDuGrzkL7mEVl/djYSu2OdQ2Pa302N4oqkSg9ir6jaLWJ2USVpQ=="
    "resolved" "https://registry.npmjs.org/fill-range/-/fill-range-7.0.1.tgz"
    "version" "7.0.1"
    dependencies:
      "to-regex-range" "^5.0.1"
  
  "finalhandler@~1.1.2":
    "integrity" "sha512-aAWcW57uxVNrQZqFXjITpW3sIUQmHGG3qSb9mUah9MgMC4NeWhNOlNjXEYq3HjRAvL6arUviZGGJsBg6z0zsWA=="
    "resolved" "https://registry.npmjs.org/finalhandler/-/finalhandler-1.1.2.tgz"
    "version" "1.1.2"
    dependencies:
      "debug" "2.6.9"
      "encodeurl" "~1.0.2"
      "escape-html" "~1.0.3"
      "on-finished" "~2.3.0"
      "parseurl" "~1.3.3"
      "statuses" "~1.5.0"
      "unpipe" "~1.0.0"
  
  "find-up@^1.0.0":
    "integrity" "sha1-ay6YIrGizgpgq2TWEOzK1TyyTQ8="
    "resolved" "https://registry.npmjs.org/find-up/-/find-up-1.1.2.tgz"
    "version" "1.1.2"
    dependencies:
      "path-exists" "^2.0.0"
      "pinkie-promise" "^2.0.0"
  
  "forwarded@~0.1.2":
    "integrity" "sha1-mMI9qxF1ZXuMBXPozszZGw/xjIQ="
    "resolved" "https://registry.npmjs.org/forwarded/-/forwarded-0.1.2.tgz"
    "version" "0.1.2"
  
  "fresh@0.5.2":
    "integrity" "sha1-PYyt2Q2XZWn6g1qx+OSyOhBWBac="
    "resolved" "https://registry.npmjs.org/fresh/-/fresh-0.5.2.tgz"
    "version" "0.5.2"
  
  "fs.realpath@^1.0.0":
    "integrity" "sha1-FQStJSMVjKpA20onh8sBQRmU6k8="
    "resolved" "https://registry.npmjs.org/fs.realpath/-/fs.realpath-1.0.0.tgz"
    "version" "1.0.0"
  
  "function-bind@^1.1.1":
    "integrity" "sha512-yIovAzMX49sF8Yl58fSCWJ5svSLuaibPxXQJFLmBObTuCr0Mf1KiPopGM9NiFjiYBCbfaa2Fh6breQ6ANVTI0A=="
    "resolved" "https://registry.npmjs.org/function-bind/-/function-bind-1.1.1.tgz"
    "version" "1.1.1"
  
  "get-stdin@^4.0.1":
    "integrity" "sha1-uWjGsKBDhDJJAui/Gl3zJXmkUP4="
    "resolved" "https://registry.npmjs.org/get-stdin/-/get-stdin-4.0.1.tgz"
    "version" "4.0.1"
  
  "glob-parent@~5.1.0":
    "integrity" "sha512-FnI+VGOpnlGHWZxthPGR+QhR78fuiK0sNLkHQv+bL9fQi57lNNdquIbna/WrfROrolq8GK5Ek6BiMwqL/voRYQ=="
    "resolved" "https://registry.npmjs.org/glob-parent/-/glob-parent-5.1.1.tgz"
    "version" "5.1.1"
    dependencies:
      "is-glob" "^4.0.1"
  
  "glob@^7.1.3":
    "integrity" "sha512-LwaxwyZ72Lk7vZINtNNrywX0ZuLyStrdDtabefZKAY5ZGJhVtgdznluResxNmPitE0SAO+O26sWTHeKSI2wMBA=="
    "resolved" "https://registry.npmjs.org/glob/-/glob-7.1.6.tgz"
    "version" "7.1.6"
    dependencies:
      "fs.realpath" "^1.0.0"
      "inflight" "^1.0.4"
      "inherits" "2"
      "minimatch" "^3.0.4"
      "once" "^1.3.0"
      "path-is-absolute" "^1.0.0"
  
  "graceful-fs@^4.1.2":
    "integrity" "sha512-WjKPNJF79dtJAVniUlGGWHYGz2jWxT6VhN/4m1NdkbZ2nOsEF+cI1Edgql5zCRhs/VsQYRvrXctxktVXZUkixw=="
    "resolved" "https://registry.npmjs.org/graceful-fs/-/graceful-fs-4.2.4.tgz"
    "version" "4.2.4"
  
  "has@^1.0.3":
    "integrity" "sha512-f2dvO0VU6Oej7RkWJGrehjbzMAjFp5/VKPp5tTpWIV4JHHZK1/BxbFRtf/siA2SWTe09caDmVtYYzWEIbBS4zw=="
    "resolved" "https://registry.npmjs.org/has/-/has-1.0.3.tgz"
    "version" "1.0.3"
    dependencies:
      "function-bind" "^1.1.1"
  
  "hosted-git-info@^2.1.4":
    "integrity" "sha512-f/wzC2QaWBs7t9IYqB4T3sR1xviIViXJRJTWBlx2Gf3g0Xi5vI7Yy4koXQ1c9OYDGHN9sBy1DQ2AB8fqZBWhUg=="
    "resolved" "https://registry.npmjs.org/hosted-git-info/-/hosted-git-info-2.8.8.tgz"
    "version" "2.8.8"
  
  "http-errors@~1.7.2":
    "integrity" "sha512-ZTTX0MWrsQ2ZAhA1cejAwDLycFsd7I7nVtnkT3Ol0aqodaKW+0CTZDQ1uBv5whptCnc8e8HeRRJxRs0kmm/Qfw=="
    "resolved" "https://registry.npmjs.org/http-errors/-/http-errors-1.7.3.tgz"
    "version" "1.7.3"
    dependencies:
      "depd" "~1.1.2"
      "inherits" "2.0.4"
      "setprototypeof" "1.1.1"
      "statuses" ">= 1.5.0 < 2"
      "toidentifier" "1.0.0"
  
  "http-errors@1.7.2":
    "integrity" "sha512-uUQBt3H/cSIVfch6i1EuPNy/YsRSOUBXTVfZ+yR7Zjez3qjBz6i9+i4zjNaoqcoFVI4lQJ5plg63TvGfRSDCRg=="
    "resolved" "https://registry.npmjs.org/http-errors/-/http-errors-1.7.2.tgz"
    "version" "1.7.2"
    dependencies:
      "depd" "~1.1.2"
      "inherits" "2.0.3"
      "setprototypeof" "1.1.1"
      "statuses" ">= 1.5.0 < 2"
      "toidentifier" "1.0.0"
  
  "iconv-lite@0.4.24":
    "integrity" "sha512-v3MXnZAcvnywkTUEZomIActle7RXXeedOR31wwl7VlyoXO4Qi9arvSenNQWne1TcRwhCL1HwLI21bEqdpj8/rA=="
    "resolved" "https://registry.npmjs.org/iconv-lite/-/iconv-lite-0.4.24.tgz"
    "version" "0.4.24"
    dependencies:
      "safer-buffer" ">= 2.1.2 < 3"
  
  "ieee754@^1.1.4", "ieee754@1.1.13":
    "integrity" "sha512-4vf7I2LYV/HaWerSo3XmlMkp5eZ83i+/CDluXi/IGTs/O1sejBNhTtnxzmRZfvOUqj7lZjqHkeTvpgSFDlWZTg=="
    "resolved" "https://registry.npmjs.org/ieee754/-/ieee754-1.1.13.tgz"
    "version" "1.1.13"
  
  "indent-string@^2.1.0":
    "integrity" "sha1-ji1INIdCEhtKghi3oTfppSBJ3IA="
    "resolved" "https://registry.npmjs.org/indent-string/-/indent-string-2.1.0.tgz"
    "version" "2.1.0"
    dependencies:
      "repeating" "^2.0.0"
  
  "inflight@^1.0.4":
    "integrity" "sha1-Sb1jMdfQLQwJvJEKEHW6gWW1bfk="
    "resolved" "https://registry.npmjs.org/inflight/-/inflight-1.0.6.tgz"
    "version" "1.0.6"
    dependencies:
      "once" "^1.3.0"
      "wrappy" "1"
  
  "inherits@^2.0.3", "inherits@~2.0.1", "inherits@~2.0.3", "inherits@2", "inherits@2.0.4":
    "integrity" "sha512-k/vGaX4/Yla3WzyMCvTQOXYeIHvqOKtnqBduzTHpzpQZzAskKMhZ2K+EnBiSM9zGSoIFeMpXKxa4dYeZIQqewQ=="
    "resolved" "https://registry.npmjs.org/inherits/-/inherits-2.0.4.tgz"
    "version" "2.0.4"
  
  "inherits@2.0.3":
    "integrity" "sha1-Yzwsg+PaQqUC9SRmAiSA9CCCYd4="
    "resolved" "https://registry.npmjs.org/inherits/-/inherits-2.0.3.tgz"
    "version" "2.0.3"
  
  "ipaddr.js@1.9.1":
    "integrity" "sha512-0KI/607xoxSToH7GjN1FfSbLoU0+btTicjsQSWQlh/hZykN8KpmMf7uYwPW3R+akZ6R/w18ZlXSHBYXiYUPO3g=="
    "resolved" "https://registry.npmjs.org/ipaddr.js/-/ipaddr.js-1.9.1.tgz"
    "version" "1.9.1"
  
  "is-arrayish@^0.2.1":
    "integrity" "sha1-d8mYQFJ6qOyxqLppe4BkWnqSap0="
    "resolved" "https://registry.npmjs.org/is-arrayish/-/is-arrayish-0.2.1.tgz"
    "version" "0.2.1"
  
  "is-binary-path@~2.1.0":
    "integrity" "sha512-ZMERYes6pDydyuGidse7OsHxtbI7WVeUEozgR/g7rd0xUimYNlvZRE/K2MgZTjWy725IfelLeVcEM97mmtRGXw=="
    "resolved" "https://registry.npmjs.org/is-binary-path/-/is-binary-path-2.1.0.tgz"
    "version" "2.1.0"
    dependencies:
      "binary-extensions" "^2.0.0"
  
  "is-core-module@^2.1.0":
    "integrity" "sha512-XRAfAdyyY5F5cOXn7hYQDqh2Xmii+DEfIcQGxK/uNwMHhIkPWO0g8msXcbzLe+MpGoR951MlqM/2iIlU4vKDdQ=="
    "resolved" "https://registry.npmjs.org/is-core-module/-/is-core-module-2.2.0.tgz"
    "version" "2.2.0"
    dependencies:
      "has" "^1.0.3"
  
  "is-extglob@^2.1.1":
    "integrity" "sha1-qIwCU1eR8C7TfHahueqXc8gz+MI="
    "resolved" "https://registry.npmjs.org/is-extglob/-/is-extglob-2.1.1.tgz"
    "version" "2.1.1"
  
  "is-finite@^1.0.0":
    "integrity" "sha512-cdyMtqX/BOqqNBBiKlIVkytNHm49MtMlYyn1zxzvJKWmFMlGzm+ry5BBfYyeY9YmNKbRSo/o7OX9w9ale0wg3w=="
    "resolved" "https://registry.npmjs.org/is-finite/-/is-finite-1.1.0.tgz"
    "version" "1.1.0"
  
  "is-glob@^4.0.1", "is-glob@~4.0.1":
    "integrity" "sha512-5G0tKtBTFImOqDnLB2hG6Bp2qcKEFduo4tZu9MT/H6NQv/ghhy30o55ufafxJ/LdH79LLs2Kfrn85TLKyA7BUg=="
    "resolved" "https://registry.npmjs.org/is-glob/-/is-glob-4.0.1.tgz"
    "version" "4.0.1"
    dependencies:
      "is-extglob" "^2.1.1"
  
  "is-number@^7.0.0":
    "integrity" "sha512-41Cifkg6e8TylSpdtTpeLVMqvSBEVzTttHvERD741+pnZ8ANv0004MRL43QKPDlK9cGvNp6NZWZUBlbGXYxxng=="
    "resolved" "https://registry.npmjs.org/is-number/-/is-number-7.0.0.tgz"
    "version" "7.0.0"
  
  "is-utf8@^0.2.0":
    "integrity" "sha1-Sw2hRCEE0bM2NA6AeX6GXPOffXI="
    "resolved" "https://registry.npmjs.org/is-utf8/-/is-utf8-0.2.1.tgz"
    "version" "0.2.1"
  
  "isarray@^1.0.0":
    "integrity" "sha1-u5NdSFgsuhaMBoNJV6VKPgcSTxE="
    "resolved" "https://registry.npmjs.org/isarray/-/isarray-1.0.0.tgz"
    "version" "1.0.0"
  
  "isarray@~1.0.0":
    "integrity" "sha1-u5NdSFgsuhaMBoNJV6VKPgcSTxE="
    "resolved" "https://registry.npmjs.org/isarray/-/isarray-1.0.0.tgz"
    "version" "1.0.0"
  
  "isarray@0.0.1":
    "integrity" "sha1-ihis/Kmo9Bd+Cav8YDiTmwXR7t8="
    "resolved" "https://registry.npmjs.org/isarray/-/isarray-0.0.1.tgz"
    "version" "0.0.1"
  
  "jmespath@0.15.0":
    "integrity" "sha1-o/Iiqarp+Wb10nx5ZRDigJF2Qhc="
    "resolved" "https://registry.npmjs.org/jmespath/-/jmespath-0.15.0.tgz"
    "version" "0.15.0"
  
  "load-json-file@^1.0.0":
    "integrity" "sha1-lWkFcI1YtLq0wiYbBPWfMcmTdMA="
    "resolved" "https://registry.npmjs.org/load-json-file/-/load-json-file-1.1.0.tgz"
    "version" "1.1.0"
    dependencies:
      "graceful-fs" "^4.1.2"
      "parse-json" "^2.2.0"
      "pify" "^2.0.0"
      "pinkie-promise" "^2.0.0"
      "strip-bom" "^2.0.0"
  
  "loud-rejection@^1.0.0":
    "integrity" "sha1-W0b4AUft7leIcPCG0Eghz5mOVR8="
    "resolved" "https://registry.npmjs.org/loud-rejection/-/loud-rejection-1.6.0.tgz"
    "version" "1.6.0"
    dependencies:
      "currently-unhandled" "^0.4.1"
      "signal-exit" "^3.0.0"
  
  "make-error@^1.1.1":
    "integrity" "sha512-s8UhlNe7vPKomQhC1qFelMokr/Sc3AgNbso3n74mVPA5LTZwkB9NlXf4XPamLxJE8h0gh73rM94xvwRT2CVInw=="
    "resolved" "https://registry.npmjs.org/make-error/-/make-error-1.3.6.tgz"
    "version" "1.3.6"
  
  "map-obj@^1.0.0", "map-obj@^1.0.1":
    "integrity" "sha1-2TPOuSBdgr3PSIb2dCvcK03qFG0="
    "resolved" "https://registry.npmjs.org/map-obj/-/map-obj-1.0.1.tgz"
    "version" "1.0.1"
  
  "media-typer@0.3.0":
    "integrity" "sha1-hxDXrwqmJvj/+hzgAWhUUmMlV0g="
    "resolved" "https://registry.npmjs.org/media-typer/-/media-typer-0.3.0.tgz"
    "version" "0.3.0"
  
  "meow@^3.3.0":
    "integrity" "sha1-cstmi0JSKCkKu/qFaJJYcwioAfs="
    "resolved" "https://registry.npmjs.org/meow/-/meow-3.7.0.tgz"
    "version" "3.7.0"
    dependencies:
      "camelcase-keys" "^2.0.0"
      "decamelize" "^1.1.2"
      "loud-rejection" "^1.0.0"
      "map-obj" "^1.0.1"
      "minimist" "^1.1.3"
      "normalize-package-data" "^2.3.4"
      "object-assign" "^4.0.1"
      "read-pkg-up" "^1.0.1"
      "redent" "^1.0.0"
      "trim-newlines" "^1.0.0"
  
  "merge-descriptors@1.0.1":
    "integrity" "sha1-sAqqVW3YtEVoFQ7J0blT8/kMu2E="
    "resolved" "https://registry.npmjs.org/merge-descriptors/-/merge-descriptors-1.0.1.tgz"
    "version" "1.0.1"
  
  "methods@~1.1.2":
    "integrity" "sha1-VSmk1nZUE07cxSZmVoNbD4Ua/O4="
    "resolved" "https://registry.npmjs.org/methods/-/methods-1.1.2.tgz"
    "version" "1.1.2"
  
  "mime-db@1.44.0":
    "integrity" "sha512-/NOTfLrsPBVeH7YtFPgsVWveuL+4SjjYxaQ1xtM1KMFj7HdxlBlxeyNLzhyJVx7r4rZGJAZ/6lkKCitSc/Nmpg=="
    "resolved" "https://registry.npmjs.org/mime-db/-/mime-db-1.44.0.tgz"
    "version" "1.44.0"
  
  "mime-types@~2.1.24":
    "integrity" "sha512-JIhqnCasI9yD+SsmkquHBxTSEuZdQX5BuQnS2Vc7puQQQ+8yiP5AY5uWhpdv4YL4VM5c6iliiYWPgJ/nJQLp7w=="
    "resolved" "https://registry.npmjs.org/mime-types/-/mime-types-2.1.27.tgz"
    "version" "2.1.27"
    dependencies:
      "mime-db" "1.44.0"
  
  "mime@1.6.0":
    "integrity" "sha512-x0Vn8spI+wuJ1O6S7gnbaQg8Pxh4NNHb7KSINmEWKiPE4RKOplvijn+NkmYmmRgP68mc70j2EbeTFRsrswaQeg=="
    "resolved" "https://registry.npmjs.org/mime/-/mime-1.6.0.tgz"
    "version" "1.6.0"
  
  "minimatch@^3.0.4":
    "integrity" "sha512-yJHVQEhyqPLUTgt9B83PXu6W3rx4MvvHvSUvToogpwoGDOUQ+yDrR0HRot+yOCdCO7u4hX3pWft6kWBBcqh0UA=="
    "resolved" "https://registry.npmjs.org/minimatch/-/minimatch-3.0.4.tgz"
    "version" "3.0.4"
    dependencies:
      "brace-expansion" "^1.1.7"
  
  "minimist@^1.1.3", "minimist@^1.2.5":
    "integrity" "sha512-FM9nNUYrRBAELZQT3xeZQ7fmMOBg6nWNmJKTcgsJeaLstP/UODVpGsr5OhXhhXg6f+qtJ8uiZ+PUxkDWcgIXLw=="
    "resolved" "https://registry.npmjs.org/minimist/-/minimist-1.2.5.tgz"
    "version" "1.2.5"
  
  "mkdirp@^0.5.4":
    "integrity" "sha512-NKmAlESf6jMGym1++R0Ra7wvhV+wFW63FaSOFPwRahvea0gMUcGUhVeAg/0BC0wiv9ih5NYPB1Wn1UEI1/L+xQ=="
    "resolved" "https://registry.npmjs.org/mkdirp/-/mkdirp-0.5.5.tgz"
    "version" "0.5.5"
    dependencies:
      "minimist" "^1.2.5"
  
  "mkdirp@^1.0.4":
    "integrity" "sha512-vVqVZQyf3WLx2Shd0qJ9xuvqgAyKPLAiqITEtqW0oIUjzo3PePDd6fW9iFz30ef7Ysp/oiWqbhszeGWW2T6Gzw=="
    "resolved" "https://registry.npmjs.org/mkdirp/-/mkdirp-1.0.4.tgz"
    "version" "1.0.4"
  
  "ms@2.0.0":
    "integrity" "sha1-VgiurfwAvmwpAd9fmGF4jeDVl8g="
    "resolved" "https://registry.npmjs.org/ms/-/ms-2.0.0.tgz"
    "version" "2.0.0"
  
  "ms@2.1.1":
    "integrity" "sha512-tgp+dl5cGk28utYktBsrFqA7HKgrhgPsg6Z/EfhWI4gl1Hwq8B/GmY/0oXZ6nF8hDVesS/FpnYaD/kOWhYQvyg=="
    "resolved" "https://registry.npmjs.org/ms/-/ms-2.1.1.tgz"
    "version" "2.1.1"
  
  "multer@^1.4.3":
    "integrity" "sha512-np0YLKncuZoTzufbkM6wEKp68EhWJXcU6fq6QqrSwkckd2LlMgd1UqhUJLj6NS/5sZ8dE8LYDWslsltJznnXlg=="
    "resolved" "https://registry.npmjs.org/multer/-/multer-1.4.3.tgz"
    "version" "1.4.3"
    dependencies:
      "append-field" "^1.0.0"
      "busboy" "^0.2.11"
      "concat-stream" "^1.5.2"
      "mkdirp" "^0.5.4"
      "object-assign" "^4.1.1"
      "on-finished" "^2.3.0"
      "type-is" "^1.6.4"
      "xtend" "^4.0.0"
  
  "negotiator@0.6.2":
    "integrity" "sha512-hZXc7K2e+PgeI1eDBe/10Ard4ekbfrrqG8Ep+8Jmf4JID2bNg7NvCPOZN+kfF574pFQI7mum2AUqDidoKqcTOw=="
    "resolved" "https://registry.npmjs.org/negotiator/-/negotiator-0.6.2.tgz"
    "version" "0.6.2"
  
  "normalize-package-data@^2.3.2", "normalize-package-data@^2.3.4":
    "integrity" "sha512-/5CMN3T0R4XTj4DcGaexo+roZSdSFW/0AOOTROrjxzCG1wrWXEsGbRKevjlIL+ZDE4sZlJr5ED4YW0yqmkK+eA=="
    "resolved" "https://registry.npmjs.org/normalize-package-data/-/normalize-package-data-2.5.0.tgz"
    "version" "2.5.0"
    dependencies:
      "hosted-git-info" "^2.1.4"
      "resolve" "^1.10.0"
      "semver" "2 || 3 || 4 || 5"
      "validate-npm-package-license" "^3.0.1"
  
  "normalize-path@^3.0.0", "normalize-path@~3.0.0":
    "integrity" "sha512-6eZs5Ls3WtCisHWp9S2GUy8dqkpGi4BVSz3GaqiE6ezub0512ESztXUwUB6C6IKbQkY2Pnb/mD4WYojCRwcwLA=="
    "resolved" "https://registry.npmjs.org/normalize-path/-/normalize-path-3.0.0.tgz"
    "version" "3.0.0"
  
  "object-assign@^4", "object-assign@^4.0.1", "object-assign@^4.1.1":
    "integrity" "sha1-IQmtx5ZYh8/AXLvUQsrIv7s2CGM="
    "resolved" "https://registry.npmjs.org/object-assign/-/object-assign-4.1.1.tgz"
    "version" "4.1.1"
  
  "on-finished@^2.3.0", "on-finished@~2.3.0":
    "integrity" "sha1-IPEzZIGwg811M3mSoWlxqi2QaUc="
    "resolved" "https://registry.npmjs.org/on-finished/-/on-finished-2.3.0.tgz"
    "version" "2.3.0"
    dependencies:
      "ee-first" "1.1.1"
  
  "once@^1.3.0":
    "integrity" "sha1-WDsap3WWHUsROsF9nFC6753Xa9E="
    "resolved" "https://registry.npmjs.org/once/-/once-1.4.0.tgz"
    "version" "1.4.0"
    dependencies:
      "wrappy" "1"
  
  "packet-reader@1.0.0":
    "integrity" "sha512-HAKu/fG3HpHFO0AA8WE8q2g+gBJaZ9MG7fcKk+IJPLTGAD6Psw4443l+9DGRbOIh3/aXr7Phy0TjilYivJo5XQ=="
    "resolved" "https://registry.npmjs.org/packet-reader/-/packet-reader-1.0.0.tgz"
    "version" "1.0.0"
  
  "parse-json@^2.2.0":
    "integrity" "sha1-9ID0BDTvgHQfhGkJn43qGPVaTck="
    "resolved" "https://registry.npmjs.org/parse-json/-/parse-json-2.2.0.tgz"
    "version" "2.2.0"
    dependencies:
      "error-ex" "^1.2.0"
  
  "parseurl@~1.3.3":
    "integrity" "sha512-CiyeOxFT/JZyN5m0z9PfXw4SCBJ6Sygz1Dpl0wqjlhDEGGBP1GnsUVEL0p63hoG1fcj3fHynXi9NYO4nWOL+qQ=="
    "resolved" "https://registry.npmjs.org/parseurl/-/parseurl-1.3.3.tgz"
    "version" "1.3.3"
  
  "path-exists@^2.0.0":
    "integrity" "sha1-D+tsZPD8UY2adU3V77YscCJ2H0s="
    "resolved" "https://registry.npmjs.org/path-exists/-/path-exists-2.1.0.tgz"
    "version" "2.1.0"
    dependencies:
      "pinkie-promise" "^2.0.0"
  
  "path-is-absolute@^1.0.0":
    "integrity" "sha1-F0uSaHNVNP+8es5r9TpanhtcX18="
    "resolved" "https://registry.npmjs.org/path-is-absolute/-/path-is-absolute-1.0.1.tgz"
    "version" "1.0.1"
  
  "path-parse@^1.0.6":
    "integrity" "sha512-GSmOT2EbHrINBf9SR7CDELwlJ8AENk3Qn7OikK4nFYAu3Ote2+JYNVvkpAEQm3/TLNEJFD/xZJjzyxg3KBWOzw=="
    "resolved" "https://registry.npmjs.org/path-parse/-/path-parse-1.0.6.tgz"
    "version" "1.0.6"
  
  "path-to-regexp@0.1.7":
    "integrity" "sha1-32BBeABfUi8V60SQ5yR6G/qmf4w="
    "resolved" "https://registry.npmjs.org/path-to-regexp/-/path-to-regexp-0.1.7.tgz"
    "version" "0.1.7"
  
  "path-type@^1.0.0":
    "integrity" "sha1-WcRPfuSR2nBNpBXaWkBwuk+P5EE="
    "resolved" "https://registry.npmjs.org/path-type/-/path-type-1.1.0.tgz"
    "version" "1.1.0"
    dependencies:
      "graceful-fs" "^4.1.2"
      "pify" "^2.0.0"
      "pinkie-promise" "^2.0.0"
  
  "pg-connection-string@^2.4.0":
    "integrity" "sha512-3iBXuv7XKvxeMrIgym7njT+HlZkwZqqGX4Bu9cci8xHZNT+Um1gWKqCsAzcC0d95rcKMU5WBg6YRUcHyV0HZKQ=="
    "resolved" "https://registry.npmjs.org/pg-connection-string/-/pg-connection-string-2.4.0.tgz"
    "version" "2.4.0"
  
  "pg-int8@1.0.1":
    "integrity" "sha512-WCtabS6t3c8SkpDBUlb1kjOs7l66xsGdKpIPZsg4wR+B3+u9UAum2odSsF9tnvxg80h4ZxLWMy4pRjOsFIqQpw=="
    "resolved" "https://registry.npmjs.org/pg-int8/-/pg-int8-1.0.1.tgz"
    "version" "1.0.1"
  
  "pg-pool@^3.2.2":
    "integrity" "sha512-ORJoFxAlmmros8igi608iVEbQNNZlp89diFVx6yV5v+ehmpMY9sK6QgpmgoXbmkNaBAx8cOOZh9g80kJv1ooyA=="
    "resolved" "https://registry.npmjs.org/pg-pool/-/pg-pool-3.2.2.tgz"
    "version" "3.2.2"
  
  "pg-protocol@^1.4.0":
    "integrity" "sha512-El+aXWcwG/8wuFICMQjM5ZSAm6OWiJicFdNYo+VY3QP+8vI4SvLIWVe51PppTzMhikUJR+PsyIFKqfdXPz/yxA=="
    "resolved" "https://registry.npmjs.org/pg-protocol/-/pg-protocol-1.4.0.tgz"
    "version" "1.4.0"
  
  "pg-types@^2.1.0":
    "integrity" "sha512-qTAAlrEsl8s4OiEQY69wDvcMIdQN6wdz5ojQiOy6YRMuynxenON0O5oCpJI6lshc6scgAY8qvJ2On/p+CXY0GA=="
    "resolved" "https://registry.npmjs.org/pg-types/-/pg-types-2.2.0.tgz"
    "version" "2.2.0"
    dependencies:
      "pg-int8" "1.0.1"
      "postgres-array" "~2.0.0"
      "postgres-bytea" "~1.0.0"
      "postgres-date" "~1.0.4"
      "postgres-interval" "^1.1.0"
  
  "pg@^8.5.1", "pg@>=8.0":
    "integrity" "sha512-9wm3yX9lCfjvA98ybCyw2pADUivyNWT/yIP4ZcDVpMN0og70BUWYEGXPCTAQdGTAqnytfRADb7NERrY1qxhIqw=="
    "resolved" "https://registry.npmjs.org/pg/-/pg-8.5.1.tgz"
    "version" "8.5.1"
    dependencies:
      "buffer-writer" "2.0.0"
      "packet-reader" "1.0.0"
      "pg-connection-string" "^2.4.0"
      "pg-pool" "^3.2.2"
      "pg-protocol" "^1.4.0"
      "pg-types" "^2.1.0"
      "pgpass" "1.x"
  
  "pgpass@1.x":
    "integrity" "sha512-YmuA56alyBq7M59vxVBfPJrGSozru8QAdoNlWuW3cz8l+UX3cWge0vTvjKhsSHSJpo3Bom8/Mm6hf0TR5GY0+w=="
    "resolved" "https://registry.npmjs.org/pgpass/-/pgpass-1.0.4.tgz"
    "version" "1.0.4"
    dependencies:
      "split2" "^3.1.1"
  
  "picomatch@^2.0.4", "picomatch@^2.2.1":
    "integrity" "sha512-q0M/9eZHzmr0AulXyPwNfZjtwZ/RBZlbN3K3CErVrk50T2ASYI7Bye0EvekFY3IP1Nt2DHu0re+V2ZHIpMkuWg=="
    "resolved" "https://registry.npmjs.org/picomatch/-/picomatch-2.2.2.tgz"
    "version" "2.2.2"
  
  "pify@^2.0.0":
    "integrity" "sha1-7RQaasBDqEnqWISY59yosVMw6Qw="
    "resolved" "https://registry.npmjs.org/pify/-/pify-2.3.0.tgz"
    "version" "2.3.0"
  
  "pinkie-promise@^2.0.0":
    "integrity" "sha1-ITXW36ejWMBprJsXh3YogihFD/o="
    "resolved" "https://registry.npmjs.org/pinkie-promise/-/pinkie-promise-2.0.1.tgz"
    "version" "2.0.1"
    dependencies:
      "pinkie" "^2.0.0"
  
  "pinkie@^2.0.0":
    "integrity" "sha1-clVrgM+g1IqXToDnckjoDtT3+HA="
    "resolved" "https://registry.npmjs.org/pinkie/-/pinkie-2.0.4.tgz"
    "version" "2.0.4"
  
  "postgres-array@~2.0.0":
    "integrity" "sha512-VpZrUqU5A69eQyW2c5CA1jtLecCsN2U/bD6VilrFDWq5+5UIEVO7nazS3TEcHf1zuPYO/sqGvUvW62g86RXZuA=="
    "resolved" "https://registry.npmjs.org/postgres-array/-/postgres-array-2.0.0.tgz"
    "version" "2.0.0"
  
  "postgres-bytea@~1.0.0":
    "integrity" "sha1-AntTPAqokOJtFy1Hz5zOzFIazTU="
    "resolved" "https://registry.npmjs.org/postgres-bytea/-/postgres-bytea-1.0.0.tgz"
    "version" "1.0.0"
  
  "postgres-date@~1.0.4":
    "integrity" "sha512-suDmjLVQg78nMK2UZ454hAG+OAW+HQPZ6n++TNDUX+L0+uUlLywnoxJKDou51Zm+zTCjrCl0Nq6J9C5hP9vK/Q=="
    "resolved" "https://registry.npmjs.org/postgres-date/-/postgres-date-1.0.7.tgz"
    "version" "1.0.7"
  
  "postgres-interval@^1.1.0":
    "integrity" "sha512-9ZhXKM/rw350N1ovuWHbGxnGh/SNJ4cnxHiM0rxE4VN41wsg8P8zWn9hv/buK00RP4WvlOyr/RBDiptyxVbkZQ=="
    "resolved" "https://registry.npmjs.org/postgres-interval/-/postgres-interval-1.2.0.tgz"
    "version" "1.2.0"
    dependencies:
      "xtend" "^4.0.0"
  
  "process-nextick-args@~2.0.0":
    "integrity" "sha512-3ouUOpQhtgrbOa17J7+uxOTpITYWaGP7/AhoR3+A+/1e9skrzelGi/dXzEYyvbxubEF6Wn2ypscTKiKJFFn1ag=="
    "resolved" "https://registry.npmjs.org/process-nextick-args/-/process-nextick-args-2.0.1.tgz"
    "version" "2.0.1"
  
  "proxy-addr@~2.0.5":
    "integrity" "sha512-dh/frvCBVmSsDYzw6n926jv974gddhkFPfiN8hPOi30Wax25QZyZEGveluCgliBnqmuM+UJmBErbAUFIoDbjOw=="
    "resolved" "https://registry.npmjs.org/proxy-addr/-/proxy-addr-2.0.6.tgz"
    "version" "2.0.6"
    dependencies:
      "forwarded" "~0.1.2"
      "ipaddr.js" "1.9.1"
  
  "punycode@1.3.2":
    "integrity" "sha1-llOgNvt8HuQjQvIyXM7v6jkmxI0="
    "resolved" "https://registry.npmjs.org/punycode/-/punycode-1.3.2.tgz"
    "version" "1.3.2"
  
  "qs@6.7.0":
    "integrity" "sha512-VCdBRNFTX1fyE7Nb6FYoURo/SPe62QCaAyzJvUjwRaIsc+NePBEniHlvxFmmX56+HZphIGtV0XeCirBtpDrTyQ=="
    "resolved" "https://registry.npmjs.org/qs/-/qs-6.7.0.tgz"
    "version" "6.7.0"
  
  "querystring@0.2.0":
    "integrity" "sha1-sgmEkgO7Jd+CDadW50cAWHhSFiA="
    "resolved" "https://registry.npmjs.org/querystring/-/querystring-0.2.0.tgz"
    "version" "0.2.0"
  
  "range-parser@~1.2.1":
    "integrity" "sha512-Hrgsx+orqoygnmhFbKaHE6c296J+HTAQXoxEF6gNupROmmGJRoyzfG3ccAveqCBrwr/2yxQ5BVd/GTl5agOwSg=="
    "resolved" "https://registry.npmjs.org/range-parser/-/range-parser-1.2.1.tgz"
    "version" "1.2.1"
  
  "raw-body@2.4.0":
    "integrity" "sha512-4Oz8DUIwdvoa5qMJelxipzi/iJIi40O5cGV1wNYp5hvZP8ZN0T+jiNkL0QepXs+EsQ9XJ8ipEDoiH70ySUJP3Q=="
    "resolved" "https://registry.npmjs.org/raw-body/-/raw-body-2.4.0.tgz"
    "version" "2.4.0"
    dependencies:
      "bytes" "3.1.0"
      "http-errors" "1.7.2"
      "iconv-lite" "0.4.24"
      "unpipe" "1.0.0"
  
  "read-pkg-up@^1.0.1":
    "integrity" "sha1-nWPBMnbAZZGNV/ACpX9AobZD+wI="
    "resolved" "https://registry.npmjs.org/read-pkg-up/-/read-pkg-up-1.0.1.tgz"
    "version" "1.0.1"
    dependencies:
      "find-up" "^1.0.0"
      "read-pkg" "^1.0.0"
  
  "read-pkg@^1.0.0":
    "integrity" "sha1-9f+qXs0pyzHAR0vKfXVra7KePyg="
    "resolved" "https://registry.npmjs.org/read-pkg/-/read-pkg-1.1.0.tgz"
    "version" "1.1.0"
    dependencies:
      "load-json-file" "^1.0.0"
      "normalize-package-data" "^2.3.2"
      "path-type" "^1.0.0"
  
  "readable-stream@^2.2.2":
    "integrity" "sha512-Ebho8K4jIbHAxnuxi7o42OrZgF/ZTNcsZj6nRKyUmkhLFq8CHItp/fy6hQZuZmP/n3yZ9VBUbp4zz/mX8hmYPw=="
    "resolved" "https://registry.npmjs.org/readable-stream/-/readable-stream-2.3.7.tgz"
    "version" "2.3.7"
    dependencies:
      "core-util-is" "~1.0.0"
      "inherits" "~2.0.3"
      "isarray" "~1.0.0"
      "process-nextick-args" "~2.0.0"
      "safe-buffer" "~5.1.1"
      "string_decoder" "~1.1.1"
      "util-deprecate" "~1.0.1"
  
  "readable-stream@^3.0.0":
    "integrity" "sha512-BViHy7LKeTz4oNnkcLJ+lVSL6vpiFeX6/d3oSH8zCW7UxP2onchk+vTGB143xuFjHS3deTgkKoXXymXqymiIdA=="
    "resolved" "https://registry.npmjs.org/readable-stream/-/readable-stream-3.6.0.tgz"
    "version" "3.6.0"
    dependencies:
      "inherits" "^2.0.3"
      "string_decoder" "^1.1.1"
      "util-deprecate" "^1.0.1"
  
  "readable-stream@1.1.x":
    "integrity" "sha1-fPTFTvZI44EwhMY23SB54WbAgdk="
    "resolved" "https://registry.npmjs.org/readable-stream/-/readable-stream-1.1.14.tgz"
    "version" "1.1.14"
    dependencies:
      "core-util-is" "~1.0.0"
      "inherits" "~2.0.1"
      "isarray" "0.0.1"
      "string_decoder" "~0.10.x"
  
  "readdirp@~3.5.0":
    "integrity" "sha512-cMhu7c/8rdhkHXWsY+osBhfSy0JikwpHK/5+imo+LpeasTF8ouErHrlYkwT0++njiyuDvc7OFY5T3ukvZ8qmFQ=="
    "resolved" "https://registry.npmjs.org/readdirp/-/readdirp-3.5.0.tgz"
    "version" "3.5.0"
    dependencies:
      "picomatch" "^2.2.1"
  
  "redent@^1.0.0":
    "integrity" "sha1-z5Fqsf1fHxbfsggi3W7H9zDCr94="
    "resolved" "https://registry.npmjs.org/redent/-/redent-1.0.0.tgz"
    "version" "1.0.0"
    dependencies:
      "indent-string" "^2.1.0"
      "strip-indent" "^1.0.1"
  
  "repeating@^2.0.0":
    "integrity" "sha1-UhTFOpJtNVJwdSf7q0FdvAjQbdo="
    "resolved" "https://registry.npmjs.org/repeating/-/repeating-2.0.1.tgz"
    "version" "2.0.1"
    dependencies:
      "is-finite" "^1.0.0"
  
  "resolve@^1.0.0", "resolve@^1.10.0":
    "integrity" "sha512-rArEXAgsBG4UgRGcynxWIWKFvh/XZCcS8UJdHhwy91zwAvCZIbcs+vAbflgBnNjYMs/i/i+/Ux6IZhML1yPvxg=="
    "resolved" "https://registry.npmjs.org/resolve/-/resolve-1.19.0.tgz"
    "version" "1.19.0"
    dependencies:
      "is-core-module" "^2.1.0"
      "path-parse" "^1.0.6"
  
  "rimraf@^2.6.1":
    "integrity" "sha512-uWjbaKIK3T1OSVptzX7Nl6PvQ3qAGtKEtVRjRuazjfL3Bx5eI409VZSqgND+4UNnmzLVdPj9FqFJNPqBZFve4w=="
    "resolved" "https://registry.npmjs.org/rimraf/-/rimraf-2.7.1.tgz"
    "version" "2.7.1"
    dependencies:
      "glob" "^7.1.3"
  
  "safe-buffer@~5.1.0", "safe-buffer@~5.1.1", "safe-buffer@5.1.2":
    "integrity" "sha512-Gd2UZBJDkXlY7GbJxfsE8/nvKkUEU1G38c1siN6QP6a9PT9MmHB8GnpscSmMJSoF8LOIrt8ud/wPtojys4G6+g=="
    "resolved" "https://registry.npmjs.org/safe-buffer/-/safe-buffer-5.1.2.tgz"
    "version" "5.1.2"
  
  "safe-buffer@~5.2.0":
    "integrity" "sha512-rp3So07KcdmmKbGvgaNxQSJr7bGVSVk5S9Eq1F+ppbRo70+YeaDxkw5Dd8NPN+GD6bjnYm2VuPuCXmpuYvmCXQ=="
    "resolved" "https://registry.npmjs.org/safe-buffer/-/safe-buffer-5.2.1.tgz"
    "version" "5.2.1"
  
  "safer-buffer@>= 2.1.2 < 3":
    "integrity" "sha512-YZo3K82SD7Riyi0E1EQPojLz7kpepnSQI9IyPbHHg1XXXevb5dJI7tpyN2ADxGcQbHG7vcyRHk0cbwqcQriUtg=="
    "resolved" "https://registry.npmjs.org/safer-buffer/-/safer-buffer-2.1.2.tgz"
    "version" "2.1.2"
  
  "sax@>=0.6.0", "sax@1.2.1":
    "integrity" "sha1-e45lYZCyKOgaZq6nSEgNgozS03o="
    "resolved" "https://registry.npmjs.org/sax/-/sax-1.2.1.tgz"
    "version" "1.2.1"
  
  "semver@2 || 3 || 4 || 5":
    "integrity" "sha512-sauaDf/PZdVgrLTNYHRtpXa1iRiKcaebiKQ1BJdpQlWH2lCvexQdX55snPFyK7QzpudqbCI0qXFfOasHdyNDGQ=="
    "resolved" "https://registry.npmjs.org/semver/-/semver-5.7.1.tgz"
    "version" "5.7.1"
  
  "send@0.17.1":
    "integrity" "sha512-BsVKsiGcQMFwT8UxypobUKyv7irCNRHk1T0G680vk88yf6LBByGcZJOTJCrTP2xVN6yI+XjPJcNuE3V4fT9sAg=="
    "resolved" "https://registry.npmjs.org/send/-/send-0.17.1.tgz"
    "version" "0.17.1"
    dependencies:
      "debug" "2.6.9"
      "depd" "~1.1.2"
      "destroy" "~1.0.4"
      "encodeurl" "~1.0.2"
      "escape-html" "~1.0.3"
      "etag" "~1.8.1"
      "fresh" "0.5.2"
      "http-errors" "~1.7.2"
      "mime" "1.6.0"
      "ms" "2.1.1"
      "on-finished" "~2.3.0"
      "range-parser" "~1.2.1"
      "statuses" "~1.5.0"
  
  "serve-static@1.14.1":
    "integrity" "sha512-JMrvUwE54emCYWlTI+hGrGv5I8dEwmco/00EvkzIIsR7MqrHonbD9pO2MOfFnpFntl7ecpZs+3mW+XbQZu9QCg=="
    "resolved" "https://registry.npmjs.org/serve-static/-/serve-static-1.14.1.tgz"
    "version" "1.14.1"
    dependencies:
      "encodeurl" "~1.0.2"
      "escape-html" "~1.0.3"
      "parseurl" "~1.3.3"
      "send" "0.17.1"
  
  "setprototypeof@1.1.1":
    "integrity" "sha512-JvdAWfbXeIGaZ9cILp38HntZSFSo3mWg6xGcJJsd+d4aRMOqauag1C63dJfDw7OaMYwEbHMOxEZ1lqVRYP2OAw=="
    "resolved" "https://registry.npmjs.org/setprototypeof/-/setprototypeof-1.1.1.tgz"
    "version" "1.1.1"
  
  "signal-exit@^3.0.0":
    "integrity" "sha512-VUJ49FC8U1OxwZLxIbTTrDvLnf/6TDgxZcK8wxR8zs13xpx7xbG60ndBlhNrFi2EMuFRoeDoJO7wthSLq42EjA=="
    "resolved" "https://registry.npmjs.org/signal-exit/-/signal-exit-3.0.3.tgz"
    "version" "3.0.3"
  
  "source-map-support@^0.5.12", "source-map-support@^0.5.17":
    "integrity" "sha512-Wonm7zOCIJzBGQdB+thsPar0kYuCIzYvxZwlBa87yi/Mdjv7Tip2cyVbLj5o0cFPN4EVkuTwb3GDDyUx2DGnGw=="
    "resolved" "https://registry.npmjs.org/source-map-support/-/source-map-support-0.5.19.tgz"
    "version" "0.5.19"
    dependencies:
      "buffer-from" "^1.0.0"
      "source-map" "^0.6.0"
  
  "source-map@^0.6.0":
    "integrity" "sha512-UjgapumWlbMhkBgzT7Ykc5YXUT46F0iKu8SGXq0bcwP5dz/h0Plj6enJqjz1Zbq2l5WaqYnrVbwWOWMyF3F47g=="
    "resolved" "https://registry.npmjs.org/source-map/-/source-map-0.6.1.tgz"
    "version" "0.6.1"
  
  "spdx-correct@^3.0.0":
    "integrity" "sha512-cOYcUWwhCuHCXi49RhFRCyJEK3iPj1Ziz9DpViV3tbZOwXD49QzIN3MpOLJNxh2qwq2lJJZaKMVw9qNi4jTC0w=="
    "resolved" "https://registry.npmjs.org/spdx-correct/-/spdx-correct-3.1.1.tgz"
    "version" "3.1.1"
    dependencies:
      "spdx-expression-parse" "^3.0.0"
      "spdx-license-ids" "^3.0.0"
  
  "spdx-exceptions@^2.1.0":
    "integrity" "sha512-/tTrYOC7PPI1nUAgx34hUpqXuyJG+DTHJTnIULG4rDygi4xu/tfgmq1e1cIRwRzwZgo4NLySi+ricLkZkw4i5A=="
    "resolved" "https://registry.npmjs.org/spdx-exceptions/-/spdx-exceptions-2.3.0.tgz"
    "version" "2.3.0"
  
  "spdx-expression-parse@^3.0.0":
    "integrity" "sha512-cbqHunsQWnJNE6KhVSMsMeH5H/L9EpymbzqTQ3uLwNCLZ1Q481oWaofqH7nO6V07xlXwY6PhQdQ2IedWx/ZK4Q=="
    "resolved" "https://registry.npmjs.org/spdx-expression-parse/-/spdx-expression-parse-3.0.1.tgz"
    "version" "3.0.1"
    dependencies:
      "spdx-exceptions" "^2.1.0"
      "spdx-license-ids" "^3.0.0"
  
  "spdx-license-ids@^3.0.0":
    "integrity" "sha512-U+MTEOO0AiDzxwFvoa4JVnMV6mZlJKk2sBLt90s7G0Gd0Mlknc7kxEn3nuDPNZRta7O2uy8oLcZLVT+4sqNZHQ=="
    "resolved" "https://registry.npmjs.org/spdx-license-ids/-/spdx-license-ids-3.0.7.tgz"
    "version" "3.0.7"
  
  "split2@^3.1.1":
    "integrity" "sha512-9NThjpgZnifTkJpzTZ7Eue85S49QwpNhZTq6GRJwObb6jnLFNGB7Qm73V5HewTROPyxD0C29xqmaI68bQtV+hg=="
    "resolved" "https://registry.npmjs.org/split2/-/split2-3.2.2.tgz"
    "version" "3.2.2"
    dependencies:
      "readable-stream" "^3.0.0"
  
  "statuses@>= 1.5.0 < 2", "statuses@~1.5.0":
    "integrity" "sha1-Fhx9rBd2Wf2YEfQ3cfqZOBR4Yow="
    "resolved" "https://registry.npmjs.org/statuses/-/statuses-1.5.0.tgz"
    "version" "1.5.0"
  
  "streamsearch@0.1.2":
    "integrity" "sha1-gIudDlb8Jz2Am6VzOOkpkZoanxo="
    "resolved" "https://registry.npmjs.org/streamsearch/-/streamsearch-0.1.2.tgz"
    "version" "0.1.2"
  
  "string_decoder@^1.1.1":
    "integrity" "sha512-hkRX8U1WjJFd8LsDJ2yQ/wWWxaopEsABU1XfkM8A+j0+85JAGppt16cr1Whg6KIbb4okU6Mql6BOj+uup/wKeA=="
    "resolved" "https://registry.npmjs.org/string_decoder/-/string_decoder-1.3.0.tgz"
    "version" "1.3.0"
    dependencies:
      "safe-buffer" "~5.2.0"
  
  "string_decoder@~0.10.x":
    "integrity" "sha1-YuIDvEF2bGwoyfyEMB2rHFMQ+pQ="
    "resolved" "https://registry.npmjs.org/string_decoder/-/string_decoder-0.10.31.tgz"
    "version" "0.10.31"
  
  "string_decoder@~1.1.1":
    "integrity" "sha512-n/ShnvDi6FHbbVfviro+WojiFzv+s8MPMHBczVePfUpDJLwoLT0ht1l4YwBCbi8pJAveEEdnkHyPyTP/mzRfwg=="
    "resolved" "https://registry.npmjs.org/string_decoder/-/string_decoder-1.1.1.tgz"
    "version" "1.1.1"
    dependencies:
      "safe-buffer" "~5.1.0"
  
  "strip-bom@^2.0.0":
    "integrity" "sha1-YhmoVhZSBJHzV4i9vxRHqZx+aw4="
    "resolved" "https://registry.npmjs.org/strip-bom/-/strip-bom-2.0.0.tgz"
    "version" "2.0.0"
    dependencies:
      "is-utf8" "^0.2.0"
  
  "strip-bom@^3.0.0":
    "integrity" "sha1-IzTBjpx1n3vdVv3vfprj1YjmjtM="
    "resolved" "https://registry.npmjs.org/strip-bom/-/strip-bom-3.0.0.tgz"
    "version" "3.0.0"
  
  "strip-indent@^1.0.1":
    "integrity" "sha1-DHlipq3vp7vUrDZkYKY4VSrhoKI="
    "resolved" "https://registry.npmjs.org/strip-indent/-/strip-indent-1.0.1.tgz"
    "version" "1.0.1"
    dependencies:
      "get-stdin" "^4.0.1"
  
  "strip-json-comments@^2.0.0":
    "integrity" "sha1-PFMZQukIwml8DsNEhYwobHygpgo="
    "resolved" "https://registry.npmjs.org/strip-json-comments/-/strip-json-comments-2.0.1.tgz"
    "version" "2.0.1"
  
  "to-regex-range@^5.0.1":
    "integrity" "sha512-65P7iz6X5yEr1cwcgvQxbbIw7Uk3gOy5dIdtZ4rDveLqhrdJP+Li/Hx6tyK0NEb+2GCyneCMJiGqrADCSNk8sQ=="
    "resolved" "https://registry.npmjs.org/to-regex-range/-/to-regex-range-5.0.1.tgz"
    "version" "5.0.1"
    dependencies:
      "is-number" "^7.0.0"
  
  "toidentifier@1.0.0":
    "integrity" "sha512-yaOH/Pk/VEhBWWTlhI+qXxDFXlejDGcQipMlyxda9nthulaxLZUNcUqFxokp0vcYnvteJln5FNQDRrxj3YcbVw=="
    "resolved" "https://registry.npmjs.org/toidentifier/-/toidentifier-1.0.0.tgz"
    "version" "1.0.0"
  
  "tree-kill@^1.2.2":
    "integrity" "sha512-L0Orpi8qGpRG//Nd+H90vFB+3iHnue1zSSGmNOOCh1GLJ7rUKVwV2HvijphGQS2UmhUZewS9VgvxYIdgr+fG1A=="
    "resolved" "https://registry.npmjs.org/tree-kill/-/tree-kill-1.2.2.tgz"
    "version" "1.2.2"
  
  "trim-newlines@^1.0.0":
    "integrity" "sha1-WIeWa7WCpFA6QetST301ARgVphM="
    "resolved" "https://registry.npmjs.org/trim-newlines/-/trim-newlines-1.0.0.tgz"
    "version" "1.0.0"
  
  "ts-node-dev@^1.1.1":
    "integrity" "sha512-kAO8LUZgXZSY0+PucMPsQ0Bbdv0x+lgbN7j8gcD4PuTI4uKC6YchekaspmYTBNilkiu+rQYkWJA7cK+Q8/B0tQ=="
    "resolved" "https://registry.npmjs.org/ts-node-dev/-/ts-node-dev-1.1.1.tgz"
    "version" "1.1.1"
    dependencies:
      "chokidar" "^3.4.0"
      "dateformat" "~1.0.4-1.2.3"
      "dynamic-dedupe" "^0.3.0"
      "minimist" "^1.2.5"
      "mkdirp" "^1.0.4"
      "resolve" "^1.0.0"
      "rimraf" "^2.6.1"
      "source-map-support" "^0.5.12"
      "tree-kill" "^1.2.2"
      "ts-node" "^9.0.0"
      "tsconfig" "^7.0.0"
  
  "ts-node@^9.0.0":
    "integrity" "sha512-hPlt7ZACERQGf03M253ytLY3dHbGNGrAq9qIHWUY9XHYl1z7wYngSr3OQ5xmui8o2AaxsONxIzjafLUiWBo1Fg=="
    "resolved" "https://registry.npmjs.org/ts-node/-/ts-node-9.1.1.tgz"
    "version" "9.1.1"
    dependencies:
      "arg" "^4.1.0"
      "create-require" "^1.1.0"
      "diff" "^4.0.1"
      "make-error" "^1.1.1"
      "source-map-support" "^0.5.17"
      "yn" "3.1.1"
  
  "tsconfig@^7.0.0":
    "integrity" "sha512-vZXmzPrL+EmC4T/4rVlT2jNVMWCi/O4DIiSj3UHg1OE5kCKbk4mfrXc6dZksLgRM/TZlKnousKH9bbTazUWRRw=="
    "resolved" "https://registry.npmjs.org/tsconfig/-/tsconfig-7.0.0.tgz"
    "version" "7.0.0"
    dependencies:
      "@types/strip-bom" "^3.0.0"
      "@types/strip-json-comments" "0.0.30"
      "strip-bom" "^3.0.0"
      "strip-json-comments" "^2.0.0"
  
  "type-is@^1.6.4", "type-is@~1.6.17", "type-is@~1.6.18":
    "integrity" "sha512-TkRKr9sUTxEH8MdfuCSP7VizJyzRNMjj2J2do2Jr3Kym598JVdEksuzPQCnlFPW4ky9Q+iA+ma9BGm06XQBy8g=="
    "resolved" "https://registry.npmjs.org/type-is/-/type-is-1.6.18.tgz"
    "version" "1.6.18"
    dependencies:
      "media-typer" "0.3.0"
      "mime-types" "~2.1.24"
  
  "typedarray@^0.0.6":
    "integrity" "sha1-hnrHTjhkGHsdPUfZlqeOxciDB3c="
    "resolved" "https://registry.npmjs.org/typedarray/-/typedarray-0.0.6.tgz"
    "version" "0.0.6"
  
  "typescript@*", "typescript@^4.1.3", "typescript@>=2.7":
    "integrity" "sha512-B3ZIOf1IKeH2ixgHhj6la6xdwR9QrLC5d1VKeCSY4tvkqhF2eqd9O7txNlS0PO3GrBAFIdr3L1ndNwteUbZLYg=="
    "resolved" "https://registry.npmjs.org/typescript/-/typescript-4.1.3.tgz"
    "version" "4.1.3"
  
  "unpipe@~1.0.0", "unpipe@1.0.0":
    "integrity" "sha1-sr9O6FFKrmFltIF4KdIbLvSZBOw="
    "resolved" "https://registry.npmjs.org/unpipe/-/unpipe-1.0.0.tgz"
    "version" "1.0.0"
  
  "url@0.10.3":
    "integrity" "sha1-Ah5NnHcF8hu/N9A861h2dAJ3TGQ="
    "resolved" "https://registry.npmjs.org/url/-/url-0.10.3.tgz"
    "version" "0.10.3"
    dependencies:
      "punycode" "1.3.2"
      "querystring" "0.2.0"
  
  "util-deprecate@^1.0.1", "util-deprecate@~1.0.1":
    "integrity" "sha1-RQ1Nyfpw3nMnYvvS1KKJgUGaDM8="
    "resolved" "https://registry.npmjs.org/util-deprecate/-/util-deprecate-1.0.2.tgz"
    "version" "1.0.2"
  
  "utils-merge@1.0.1":
    "integrity" "sha1-n5VxD1CiZ5R7LMwSR0HBAoQn5xM="
    "resolved" "https://registry.npmjs.org/utils-merge/-/utils-merge-1.0.1.tgz"
    "version" "1.0.1"
  
  "uuid@3.3.2":
    "integrity" "sha512-yXJmeNaw3DnnKAOKJE51sL/ZaYfWJRl1pK9dr19YFCu0ObS231AB1/LbqTKRAQ5kw8A90rA6fr4riOUpTZvQZA=="
    "resolved" "https://registry.npmjs.org/uuid/-/uuid-3.3.2.tgz"
    "version" "3.3.2"
  
  "validate-npm-package-license@^3.0.1":
    "integrity" "sha512-DpKm2Ui/xN7/HQKCtpZxoRWBhZ9Z0kqtygG8XCgNQ8ZlDnxuQmWhj566j8fN4Cu3/JmbhsDo7fcAJq4s9h27Ew=="
    "resolved" "https://registry.npmjs.org/validate-npm-package-license/-/validate-npm-package-license-3.0.4.tgz"
    "version" "3.0.4"
    dependencies:
      "spdx-correct" "^3.0.0"
      "spdx-expression-parse" "^3.0.0"
  
  "vary@^1", "vary@~1.1.2":
    "integrity" "sha1-IpnwLG3tMNSllhsLn3RSShj2NPw="
    "resolved" "https://registry.npmjs.org/vary/-/vary-1.1.2.tgz"
    "version" "1.1.2"
  
  "wrappy@1":
    "integrity" "sha1-tSQ9jz7BqjXxNkYFvA0QNuMKtp8="
    "resolved" "https://registry.npmjs.org/wrappy/-/wrappy-1.0.2.tgz"
    "version" "1.0.2"
  
  "xml2js@0.4.19":
    "integrity" "sha512-esZnJZJOiJR9wWKMyuvSE1y6Dq5LCuJanqhxslH2bxM6duahNZ+HMpCLhBQGZkbX6xRf8x1Y2eJlgt2q3qo49Q=="
    "resolved" "https://registry.npmjs.org/xml2js/-/xml2js-0.4.19.tgz"
    "version" "0.4.19"
    dependencies:
      "sax" ">=0.6.0"
      "xmlbuilder" "~9.0.1"
  
  "xmlbuilder@~9.0.1":
    "integrity" "sha1-Ey7mPS7FVlxVfiD0wi35rKaGsQ0="
    "resolved" "https://registry.npmjs.org/xmlbuilder/-/xmlbuilder-9.0.7.tgz"
    "version" "9.0.7"
  
  "xtend@^4.0.0":
    "integrity" "sha512-LKYU1iAXJXUgAXn9URjiu+MWhyUXHsvfp7mcuYm9dSUKK0/CjtrUwFAxD82/mCWbtLsGjFIad0wIsod4zrTAEQ=="
    "resolved" "https://registry.npmjs.org/xtend/-/xtend-4.0.2.tgz"
    "version" "4.0.2"
  
  "yn@3.1.1":
    "integrity" "sha512-Ux4ygGWsu2c7isFWe8Yu1YluJmqVhxqK2cLXNQA5AcC3QfbGNpM7fu0Y8b/z16pXLnFxZYvWhd3fhBY9DLmC6Q=="
    "resolved" "https://registry.npmjs.org/yn/-/yn-3.1.1.tgz"
    "version" "3.1.1"
